#
# There is insufficient memory for the Java Runtime Environment to continue.
# Native memory allocation (malloc) failed to allocate 328336 bytes for Chunk::new
# Possible reasons:
#   The system is out of physical RAM or swap space
#   In 32 bit mode, the process size limit was hit
# Possible solutions:
#   Reduce memory load on the system
#   Increase physical memory or swap space
#   Check if swap backing store is full
#   Use 64 bit Java on a 64 bit OS
#   Decrease Java heap size (-Xmx/-Xms)
#   Decrease number of Java threads
#   Decrease Java thread stack sizes (-Xss)
#   Set larger code cache with -XX:ReservedCodeCacheSize=
# This output file may be truncated or incomplete.
#
#  Out of Memory Error (allocation.cpp:390), pid=6104, tid=0x000000000000193c
#
# JRE version: Java(TM) SE Runtime Environment (8.0_191-b12) (build 1.8.0_191-b12)
# Java VM: Java HotSpot(TM) 64-Bit Server VM (25.191-b12 mixed mode windows-amd64 compressed oops)
# Failed to write core dump. Minidumps are not enabled by default on client versions of Windows
#

---------------  T H R E A D  ---------------

Current thread (0x0000000014e8a000):  JavaThread "C2 CompilerThread0" daemon [_thread_in_native, id=6460, stack(0x00000000164e0000,0x00000000165e0000)]

Stack: [0x00000000164e0000,0x00000000165e0000]
[error occurred during error reporting (printing stack bounds), id 0xc0000005]

Native frames: (J=compiled Java code, j=interpreted, Vv=VM code, C=native code)


Current CompileTask:
C2:   1941  926   !   4       sun.misc.URLClassPath$JarLoader::getResource (85 bytes)


---------------  P R O C E S S  ---------------

Java Threads: ( => current thread )
  0x00000000172a3000 JavaThread "mysql-cj-abandoned-connection-cleanup" daemon [_thread_blocked, id=11024, stack(0x0000000018e90000,0x0000000018f90000)]
  0x00000000027a3000 JavaThread "DestroyJavaVM" [_thread_blocked, id=6576, stack(0x00000000026a0000,0x00000000027a0000)]
  0x0000000016b77800 JavaThread "AWT-EventQueue-0" [_thread_in_vm, id=348, stack(0x0000000017ae0000,0x0000000017be0000)]
  0x0000000016b38000 JavaThread "AWT-Windows" daemon [_thread_in_native, id=1512, stack(0x0000000017920000,0x0000000017a20000)]
  0x0000000016b35000 JavaThread "AWT-Shutdown" [_thread_blocked, id=10520, stack(0x0000000017820000,0x0000000017920000)]
  0x0000000016f62800 JavaThread "Java2D Disposer" daemon [_thread_blocked, id=6344, stack(0x0000000017720000,0x0000000017820000)]
  0x0000000014edd000 JavaThread "Service Thread" daemon [_thread_blocked, id=4668, stack(0x0000000016be0000,0x0000000016ce0000)]
  0x0000000014e9d000 JavaThread "C1 CompilerThread2" daemon [_thread_in_native, id=8568, stack(0x00000000166e0000,0x00000000167e0000)]
  0x0000000014e8c800 JavaThread "C2 CompilerThread1" daemon [_thread_in_native, id=5808, stack(0x00000000165e0000,0x00000000166e0000)]
=>0x0000000014e8a000 JavaThread "C2 CompilerThread0" daemon [_thread_in_native, id=6460, stack(0x00000000164e0000,0x00000000165e0000)]
  0x0000000014e87800 JavaThread "Attach Listener" daemon [_thread_blocked, id=10348, stack(0x00000000163e0000,0x00000000164e0000)]
  0x0000000014e86800 JavaThread "Signal Dispatcher" daemon [_thread_blocked, id=10672, stack(0x00000000162e0000,0x00000000163e0000)]
  0x000000000289c000 JavaThread "Finalizer" daemon [_thread_blocked, id=10944, stack(0x00000000160f0000,0x00000000161f0000)]
  0x0000000002893000 JavaThread "Reference Handler" daemon [_thread_blocked, id=10872, stack(0x0000000015ff0000,0x00000000160f0000)]

Other Threads:
  0x0000000014e47800 VMThread [stack: 0x0000000015ef0000,0x0000000015ff0000] [id=7548]
  0x000000001682e000 WatcherThread [stack: 0x0000000016ce0000,0x0000000016de0000] [id=10272]

VM state:not at safepoint (normal execution)

VM Mutex/Monitor currently owned by a thread: None

Heap:
 PSYoungGen      total 18944K, used 15365K [0x00000000eb380000, 0x00000000ec880000, 0x0000000100000000)
  eden space 16384K, 78% used [0x00000000eb380000,0x00000000ec0038d8,0x00000000ec380000)
  from space 2560K, 99% used [0x00000000ec600000,0x00000000ec87db98,0x00000000ec880000)
  to   space 2560K, 0% used [0x00000000ec380000,0x00000000ec380000,0x00000000ec600000)
 ParOldGen       total 44032K, used 1928K [0x00000000c1a00000, 0x00000000c4500000, 0x00000000eb380000)
  object space 44032K, 4% used [0x00000000c1a00000,0x00000000c1be20e8,0x00000000c4500000)
 Metaspace       used 18205K, capacity 18438K, committed 18688K, reserved 1064960K
  class space    used 2358K, capacity 2447K, committed 2560K, reserved 1048576K

Card table byte_map: [0x0000000011c60000,0x0000000011e60000] byte_map_base: 0x0000000011653000

Marking Bits: (ParMarkBitMap*) 0x000000006eee3e30
 Begin Bits: [0x00000000123b0000, 0x0000000013348000)
 End Bits:   [0x0000000013348000, 0x00000000142e0000)

Polling page: 0x0000000000b80000

CodeCache: size=245760Kb used=3330Kb max_used=3330Kb free=242429Kb
 bounds [0x00000000028a0000, 0x0000000002bf0000, 0x00000000118a0000]
 total_blobs=1434 nmethods=930 adapters=416
 compilation: enabled

Compilation events (10 events):
Event: 1.817 Thread 0x0000000014e9d000  923       3       java.util.Properties::loadConvert (505 bytes)
Event: 1.818 Thread 0x0000000014e9d000 nmethod 923 0x0000000002bd6ad0 code [0x0000000002bd6cc0, 0x0000000002bd75d8]
Event: 1.835 Thread 0x0000000014e8c800 nmethod 921 0x0000000002bdb410 code [0x0000000002bdb5a0, 0x0000000002bdbf28]
Event: 1.843 Thread 0x0000000014e8a000  924       4       java.util.zip.ZipFile::ensureOpen (37 bytes)
Event: 1.844 Thread 0x0000000014e8a000 nmethod 924 0x0000000002bd8510 code [0x0000000002bd8640, 0x0000000002bd86d8]
Event: 1.847 Thread 0x0000000014e8c800  925       4       sun.net.www.ParseUtil::encodePath (336 bytes)
Event: 1.851 Thread 0x0000000014e8a000  926   !   4       sun.misc.URLClassPath$JarLoader::getResource (85 bytes)
Event: 1.871 Thread 0x0000000014e8c800 nmethod 925 0x0000000002bde8d0 code [0x0000000002bdea80, 0x0000000002bdf5b8]
Event: 1.907 Thread 0x0000000014e9d000  928   !   3       com.mysql.cj.conf.DefaultPropertySet::getProperty (52 bytes)
Event: 1.908 Thread 0x0000000014e9d000 nmethod 928 0x0000000002bdd950 code [0x0000000002bddb00, 0x0000000002bde2c8]

GC Heap History (4 events):
Event: 0.740 GC heap before
{Heap before GC invocations=1 (full 0):
 PSYoungGen      total 18944K, used 16361K [0x00000000eb380000, 0x00000000ec880000, 0x0000000100000000)
  eden space 16384K, 99% used [0x00000000eb380000,0x00000000ec37a480,0x00000000ec380000)
  from space 2560K, 0% used [0x00000000ec600000,0x00000000ec600000,0x00000000ec880000)
  to   space 2560K, 0% used [0x00000000ec380000,0x00000000ec380000,0x00000000ec600000)
 ParOldGen       total 44032K, used 0K [0x00000000c1a00000, 0x00000000c4500000, 0x00000000eb380000)
  object space 44032K, 0% used [0x00000000c1a00000,0x00000000c1a00000,0x00000000c4500000)
 Metaspace       used 10133K, capacity 10342K, committed 10624K, reserved 1058816K
  class space    used 1318K, capacity 1397K, committed 1408K, reserved 1048576K
Event: 0.744 GC heap after
Heap after GC invocations=1 (full 0):
 PSYoungGen      total 18944K, used 1765K [0x00000000eb380000, 0x00000000ec880000, 0x0000000100000000)
  eden space 16384K, 0% used [0x00000000eb380000,0x00000000eb380000,0x00000000ec380000)
  from space 2560K, 68% used [0x00000000ec380000,0x00000000ec5397d8,0x00000000ec600000)
  to   space 2560K, 0% used [0x00000000ec600000,0x00000000ec600000,0x00000000ec880000)
 ParOldGen       total 44032K, used 8K [0x00000000c1a00000, 0x00000000c4500000, 0x00000000eb380000)
  object space 44032K, 0% used [0x00000000c1a00000,0x00000000c1a02000,0x00000000c4500000)
 Metaspace       used 10133K, capacity 10342K, committed 10624K, reserved 1058816K
  class space    used 1318K, capacity 1397K, committed 1408K, reserved 1048576K
}
Event: 1.374 GC heap before
{Heap before GC invocations=2 (full 0):
 PSYoungGen      total 18944K, used 18149K [0x00000000eb380000, 0x00000000ec880000, 0x0000000100000000)
  eden space 16384K, 100% used [0x00000000eb380000,0x00000000ec380000,0x00000000ec380000)
  from space 2560K, 68% used [0x00000000ec380000,0x00000000ec5397d8,0x00000000ec600000)
  to   space 2560K, 0% used [0x00000000ec600000,0x00000000ec600000,0x00000000ec880000)
 ParOldGen       total 44032K, used 8K [0x00000000c1a00000, 0x00000000c4500000, 0x00000000eb380000)
  object space 44032K, 0% used [0x00000000c1a00000,0x00000000c1a02000,0x00000000c4500000)
 Metaspace       used 14726K, capacity 14924K, committed 15104K, reserved 1062912K
  class space    used 1902K, capacity 2006K, committed 2048K, reserved 1048576K
Event: 1.385 GC heap after
Heap after GC invocations=2 (full 0):
 PSYoungGen      total 18944K, used 2550K [0x00000000eb380000, 0x00000000ec880000, 0x0000000100000000)
  eden space 16384K, 0% used [0x00000000eb380000,0x00000000eb380000,0x00000000ec380000)
  from space 2560K, 99% used [0x00000000ec600000,0x00000000ec87db98,0x00000000ec880000)
  to   space 2560K, 0% used [0x00000000ec380000,0x00000000ec380000,0x00000000ec600000)
 ParOldGen       total 44032K, used 1928K [0x00000000c1a00000, 0x00000000c4500000, 0x00000000eb380000)
  object space 44032K, 4% used [0x00000000c1a00000,0x00000000c1be20e8,0x00000000c4500000)
 Metaspace       used 14726K, capacity 14924K, committed 15104K, reserved 1062912K
  class space    used 1902K, capacity 2006K, committed 2048K, reserved 1048576K
}

Deoptimization events (10 events):
Event: 0.754 Thread 0x0000000016b77800 Uncommon trap: reason=bimorphic action=maybe_recompile pc=0x0000000002a90594 method=java.util.HashMap.getNode(ILjava/lang/Object;)Ljava/util/HashMap$Node; @ 126
Event: 0.755 Thread 0x0000000016b77800 Uncommon trap: reason=bimorphic action=maybe_recompile pc=0x0000000002a90594 method=java.util.HashMap.getNode(ILjava/lang/Object;)Ljava/util/HashMap$Node; @ 126
Event: 0.757 Thread 0x0000000016b77800 Uncommon trap: reason=bimorphic action=maybe_recompile pc=0x0000000002a90594 method=java.util.HashMap.getNode(ILjava/lang/Object;)Ljava/util/HashMap$Node; @ 126
Event: 0.757 Thread 0x0000000016b77800 Uncommon trap: reason=bimorphic action=maybe_recompile pc=0x0000000002a8a5e8 method=java.util.HashMap.getNode(ILjava/lang/Object;)Ljava/util/HashMap$Node; @ 126
Event: 0.840 Thread 0x0000000016b77800 Uncommon trap: reason=unstable_if action=reinterpret pc=0x0000000002aa1afc method=java.lang.String.indexOf([CII[CIII)I @ 3
Event: 1.228 Thread 0x0000000016b77800 Uncommon trap: reason=unstable_if action=reinterpret pc=0x0000000002b46fdc method=java.util.zip.ZipCoder.encoder()Ljava/nio/charset/CharsetEncoder; @ 4
Event: 1.602 Thread 0x0000000016b77800 Uncommon trap: reason=unstable_if action=reinterpret pc=0x0000000002b943dc method=java.util.regex.Pattern$BmpCharProperty.match(Ljava/util/regex/Matcher;ILjava/lang/CharSequence;)Z @ 5
Event: 1.814 Thread 0x0000000016b77800 Uncommon trap: reason=unstable_if action=reinterpret pc=0x0000000002bc5d44 method=java.util.Properties.loadConvert([CII[C)Ljava/lang/String; @ 4
Event: 1.815 Thread 0x0000000016b77800 Uncommon trap: reason=unstable_if action=reinterpret pc=0x0000000002bc4174 method=java.util.Properties$LineReader.readLine()I @ 252
Event: 1.835 Thread 0x0000000016b77800 Uncommon trap: reason=predicate action=maybe_recompile pc=0x0000000002b45030 method=sun.net.www.ParseUtil.encodePath(Ljava/lang/String;Z)Ljava/lang/String; @ 36

Classes redefined (0 events):
No events

Internal exceptions (10 events):
Event: 0.182 Thread 0x00000000027a3000 Exception <a 'java/security/PrivilegedActionException'> (0x00000000eb413020) thrown at [C:\re\workspace\8-2-build-windows-amd64-cygwin\jdk8u191\11896\hotspot\src\share\vm\prims\jvm.cpp, line 1435]
Event: 0.182 Thread 0x00000000027a3000 Exception <a 'java/security/PrivilegedActionException'> (0x00000000eb413230) thrown at [C:\re\workspace\8-2-build-windows-amd64-cygwin\jdk8u191\11896\hotspot\src\share\vm\prims\jvm.cpp, line 1435]
Event: 0.184 Thread 0x00000000027a3000 Exception <a 'java/security/PrivilegedActionException'> (0x00000000eb417140) thrown at [C:\re\workspace\8-2-build-windows-amd64-cygwin\jdk8u191\11896\hotspot\src\share\vm\prims\jvm.cpp, line 1435]
Event: 0.184 Thread 0x00000000027a3000 Exception <a 'java/security/PrivilegedActionException'> (0x00000000eb417350) thrown at [C:\re\workspace\8-2-build-windows-amd64-cygwin\jdk8u191\11896\hotspot\src\share\vm\prims\jvm.cpp, line 1435]
Event: 0.191 Thread 0x00000000027a3000 Exception <a 'java/io/FileNotFoundException'> (0x00000000eb419580) thrown at [C:\re\workspace\8-2-build-windows-amd64-cygwin\jdk8u191\11896\hotspot\src\share\vm\prims\jni.cpp, line 709]
Event: 0.247 Thread 0x00000000027a3000 Exception <a 'java/lang/NoSuchFieldError': method resolution failed> (0x00000000eb53c918) thrown at [C:\re\workspace\8-2-build-windows-amd64-cygwin\jdk8u191\11896\hotspot\src\share\vm\prims\methodHandles.cpp, line 1167]
Event: 0.250 Thread 0x00000000027a3000 Exception <a 'java/lang/NoSuchFieldError': method resolution failed> (0x00000000eb549ce8) thrown at [C:\re\workspace\8-2-build-windows-amd64-cygwin\jdk8u191\11896\hotspot\src\share\vm\prims\methodHandles.cpp, line 1167]
Event: 0.353 Thread 0x0000000016b77800 Exception <a 'java/io/FileNotFoundException'> (0x00000000eb66e4d0) thrown at [C:\re\workspace\8-2-build-windows-amd64-cygwin\jdk8u191\11896\hotspot\src\share\vm\prims\jni.cpp, line 709]
Event: 0.387 Thread 0x0000000016b77800 Implicit null exception at 0x0000000002a0aa5b to 0x0000000002a0ac05
Event: 1.228 Thread 0x0000000016b77800 Implicit null exception at 0x0000000002b45e52 to 0x0000000002b46fad

Events (10 events):
Event: 1.905 loading class sun/nio/cs/US_ASCII$Decoder
Event: 1.906 loading class sun/nio/cs/US_ASCII$Decoder done
Event: 1.906 loading class com/mysql/cj/ServerVersion
Event: 1.906 loading class com/mysql/cj/ServerVersion done
Event: 1.907 loading class com/mysql/cj/protocol/a/authentication/MysqlNativePasswordPlugin
Event: 1.907 loading class com/mysql/cj/protocol/a/authentication/MysqlNativePasswordPlugin done
Event: 1.908 loading class com/mysql/cj/protocol/AuthenticationPlugin
Event: 1.908 loading class com/mysql/cj/protocol/AuthenticationPlugin done
Event: 1.909 loading class com/mysql/cj/protocol/a/authentication/MysqlClearPasswordPlugin
Event: 1.909 loading class com/mysql/cj/protocol/a/authentication/MysqlClearPasswordPlugin done


Dynamic libraries:
0x00007ff715bb0000 - 0x00007ff715be7000 	C:\Program Files\Java\jdk1.8.0_191\bin\javaw.exe
0x00007ff8cd940000 - 0x00007ff8cdb21000 	C:\WINDOWS\SYSTEM32\ntdll.dll
0x00007ff8cc8b0000 - 0x00007ff8cc961000 	C:\WINDOWS\System32\KERNEL32.DLL
0x00007ff8c9db0000 - 0x00007ff8ca023000 	C:\WINDOWS\System32\KERNELBASE.dll
0x00007ff8ccef0000 - 0x00007ff8ccf91000 	C:\WINDOWS\System32\ADVAPI32.dll
0x00007ff8cd3c0000 - 0x00007ff8cd45e000 	C:\WINDOWS\System32\msvcrt.dll
0x00007ff8cc550000 - 0x00007ff8cc5ab000 	C:\WINDOWS\System32\sechost.dll
0x00007ff8ccfa0000 - 0x00007ff8cd0c4000 	C:\WINDOWS\System32\RPCRT4.dll
0x00007ff8cc970000 - 0x00007ff8ccb00000 	C:\WINDOWS\System32\USER32.dll
0x00007ff8caa30000 - 0x00007ff8caa50000 	C:\WINDOWS\System32\win32u.dll
0x00007ff8cd2d0000 - 0x00007ff8cd2f8000 	C:\WINDOWS\System32\GDI32.dll
0x00007ff8cac30000 - 0x00007ff8cadc1000 	C:\WINDOWS\System32\gdi32full.dll
0x00007ff8c9d10000 - 0x00007ff8c9daf000 	C:\WINDOWS\System32\msvcp_win.dll
0x00007ff8ca030000 - 0x00007ff8ca128000 	C:\WINDOWS\System32\ucrtbase.dll
0x00007ff8c0370000 - 0x00007ff8c05d9000 	C:\WINDOWS\WinSxS\amd64_microsoft.windows.common-controls_6595b64144ccf1df_6.0.17134.950_none_fb3da4273069d3e0\COMCTL32.dll
0x00007ff8cc220000 - 0x00007ff8cc542000 	C:\WINDOWS\System32\combase.dll
0x00007ff8caa50000 - 0x00007ff8caac9000 	C:\WINDOWS\System32\bcryptPrimitives.dll
0x00007ff8cd310000 - 0x00007ff8cd33d000 	C:\WINDOWS\System32\IMM32.DLL
0x000000006e280000 - 0x000000006e352000 	C:\Program Files\Java\jdk1.8.0_191\jre\bin\msvcr100.dll
0x000000006e6c0000 - 0x000000006ef64000 	C:\Program Files\Java\jdk1.8.0_191\jre\bin\server\jvm.dll
0x00007ff8cd300000 - 0x00007ff8cd308000 	C:\WINDOWS\System32\PSAPI.DLL
0x00007ff8c77e0000 - 0x00007ff8c7803000 	C:\WINDOWS\SYSTEM32\WINMM.dll
0x00007ff8b9a80000 - 0x00007ff8b9a8a000 	C:\WINDOWS\SYSTEM32\VERSION.dll
0x00007ff8c77b0000 - 0x00007ff8c77da000 	C:\WINDOWS\SYSTEM32\winmmbase.dll
0x00007ff8cab30000 - 0x00007ff8cab79000 	C:\WINDOWS\System32\cfgmgr32.dll
0x00007ff894de0000 - 0x00007ff894de9000 	C:\WINDOWS\SYSTEM32\WSOCK32.dll
0x00007ff8ccb00000 - 0x00007ff8ccb6c000 	C:\WINDOWS\System32\WS2_32.dll
0x000000006e6b0000 - 0x000000006e6bf000 	C:\Program Files\Java\jdk1.8.0_191\jre\bin\verify.dll
0x000000006e680000 - 0x000000006e6a9000 	C:\Program Files\Java\jdk1.8.0_191\jre\bin\java.dll
0x000000006e660000 - 0x000000006e676000 	C:\Program Files\Java\jdk1.8.0_191\jre\bin\zip.dll
0x00007ff8cadd0000 - 0x00007ff8cc210000 	C:\WINDOWS\System32\SHELL32.dll
0x00007ff8cc7f0000 - 0x00007ff8cc899000 	C:\WINDOWS\System32\shcore.dll
0x00007ff8ca320000 - 0x00007ff8caa2d000 	C:\WINDOWS\System32\windows.storage.dll
0x00007ff8cc6a0000 - 0x00007ff8cc6f1000 	C:\WINDOWS\System32\shlwapi.dll
0x00007ff8c9ca0000 - 0x00007ff8c9cb1000 	C:\WINDOWS\System32\kernel.appcore.dll
0x00007ff8c9c50000 - 0x00007ff8c9c6f000 	C:\WINDOWS\System32\profapi.dll
0x00007ff8c9cc0000 - 0x00007ff8c9d0c000 	C:\WINDOWS\System32\powrprof.dll
0x00007ff8c9c70000 - 0x00007ff8c9c7a000 	C:\WINDOWS\System32\FLTLIB.DLL
0x000000006e430000 - 0x000000006e5c9000 	C:\Program Files\Java\jdk1.8.0_191\jre\bin\awt.dll
0x00007ff8cc720000 - 0x00007ff8cc7e2000 	C:\WINDOWS\System32\OLEAUT32.dll
0x00007ff8c7fb0000 - 0x00007ff8c803b000 	C:\WINDOWS\SYSTEM32\apphelp.dll
0x00007ff8c8130000 - 0x00007ff8c81c8000 	C:\WINDOWS\system32\uxtheme.dll
0x00007ff8ccd70000 - 0x00007ff8ccee3000 	C:\WINDOWS\System32\MSCTF.dll
0x00007ff8c83c0000 - 0x00007ff8c83e9000 	C:\WINDOWS\system32\dwmapi.dll
0x00007ff8ccb70000 - 0x00007ff8cccc1000 	C:\WINDOWS\System32\ole32.dll
0x00007ff87cab0000 - 0x00007ff87cbd0000 	C:\WINDOWS\system32\opengl32.dll
0x00007ff87cd90000 - 0x00007ff87cdbc000 	C:\WINDOWS\SYSTEM32\GLU32.dll
0x000000006e3e0000 - 0x000000006e427000 	C:\Program Files\Java\jdk1.8.0_191\jre\bin\fontmanager.dll
0x00007ff8cccd0000 - 0x00007ff8ccd70000 	C:\WINDOWS\System32\clbcatq.dll
0x00007ff8c5f30000 - 0x00007ff8c60de000 	C:\WINDOWS\SYSTEM32\WindowsCodecs.dll
0x00007ff8932b0000 - 0x00007ff893308000 	C:\WINDOWS\system32\dataexchange.dll
0x00007ff8c6ed0000 - 0x00007ff8c71db000 	C:\WINDOWS\system32\d3d11.dll
0x00007ff8c78d0000 - 0x00007ff8c7a6c000 	C:\WINDOWS\system32\dcomp.dll
0x00007ff8c89e0000 - 0x00007ff8c8a9b000 	C:\WINDOWS\system32\dxgi.dll
0x00007ff8c84a0000 - 0x00007ff8c8658000 	C:\WINDOWS\system32\twinapi.appcore.dll
0x00007ff8c8690000 - 0x00007ff8c86b1000 	C:\WINDOWS\system32\RMCLIENT.dll
0x00007ff8bf170000 - 0x00007ff8bf206000 	C:\WINDOWS\System32\TextInputFramework.dll
0x00007ff8c5730000 - 0x00007ff8c5a4e000 	C:\WINDOWS\System32\CoreUIComponents.dll
0x00007ff8c7db0000 - 0x00007ff8c7e8a000 	C:\WINDOWS\System32\CoreMessaging.dll
0x00007ff8c5570000 - 0x00007ff8c56bd000 	C:\WINDOWS\SYSTEM32\wintypes.dll
0x00007ff8c8d10000 - 0x00007ff8c8d41000 	C:\WINDOWS\SYSTEM32\ntmarta.dll
0x000000006e640000 - 0x000000006e65a000 	C:\Program Files\Java\jdk1.8.0_191\jre\bin\net.dll
0x00007ff8c9470000 - 0x00007ff8c94d6000 	C:\WINDOWS\system32\mswsock.dll
0x00007ff8c9200000 - 0x00007ff8c92be000 	C:\WINDOWS\SYSTEM32\DNSAPI.dll
0x00007ff8cc8a0000 - 0x00007ff8cc8a8000 	C:\WINDOWS\System32\NSI.dll
0x00007ff8c91c0000 - 0x00007ff8c91f8000 	C:\WINDOWS\SYSTEM32\IPHLPAPI.DLL
0x00007ff8bff20000 - 0x00007ff8bff2a000 	C:\Windows\System32\rasadhlp.dll
0x00007ff8c00b0000 - 0x00007ff8c0122000 	C:\WINDOWS\System32\fwpuclnt.dll
0x00007ff8c9750000 - 0x00007ff8c9775000 	C:\WINDOWS\SYSTEM32\bcrypt.dll

VM Arguments:
jvm_args: -Dfile.encoding=UTF-8 
java_command: gui.Login
java_class_path (initial): F:\HK\III\Standard\My Homework\Java\ltudjava-18hcb-18424012-bt2\Bai2_18424012;F:\HK\III\Standard\My Homework\Java\hibernate-release-4.3.11.Final\hibernate-release-4.3.11.Final\lib\required\antlr-2.7.7.jar;F:\HK\III\Standard\My Homework\Java\hibernate-release-4.3.11.Final\hibernate-release-4.3.11.Final\lib\required\dom4j-1.6.1.jar;F:\HK\III\Standard\My Homework\Java\hibernate-release-4.3.11.Final\hibernate-release-4.3.11.Final\lib\required\hibernate-commons-annotations-4.0.5.Final.jar;F:\HK\III\Standard\My Homework\Java\hibernate-release-4.3.11.Final\hibernate-release-4.3.11.Final\lib\required\hibernate-core-4.3.11.Final.jar;F:\HK\III\Standard\My Homework\Java\hibernate-release-4.3.11.Final\hibernate-release-4.3.11.Final\lib\required\hibernate-jpa-2.1-api-1.0.0.Final.jar;F:\HK\III\Standard\My Homework\Java\hibernate-release-4.3.11.Final\hibernate-release-4.3.11.Final\lib\required\jandex-1.1.0.Final.jar;F:\HK\III\Standard\My Homework\Java\hibernate-release-4.3.11.Final\hibernate-release-4.3.11.Final\lib\required\javassist-3.18.1-GA.jar;F:\HK\III\Standard\My Homework\Java\hibernate-release-4.3.11.Final\hibernate-release-4.3.11.Final\lib\required\jboss-logging-3.1.3.GA.jar;F:\HK\III\Standard\My Homework\Java\hibernate-release-4.3.11.Final\hibernate-release-4.3.11.Final\lib\required\jboss-logging-annotations-1.2.0.Beta1.jar;F:\HK\III\Standard\My Homework\Java\hibernate-release-4.3.11.Final\hibernate-release-4.3.11.Final\lib\required\jboss-transaction-api_1.2_spec-1.0.0.Final.jar;F:\HK\III\Standard\My Homework\Java\hibernate-release-4.3.11.Final\hibernate-release-4.3.11.Final\lib\required\mysql-connector-java-8.0.17.jar
Launcher Type: SUN_STANDARD

Environment Variables:
JAVA_HOME=C:\Program Files\Java\jdk1.8.0_191
PATH=C:/Program Files/Java/jdk1.8.0_191/jre/bin/server;C:/Program Files/Java/jdk1.8.0_191/jre/bin;C:/Program Files/Java/jdk1.8.0_191/jre/lib/amd64;C:\Program Files (x86)\Common Files\Oracle\Java\javapath;C:\Program Files\Microsoft MPI\Bin\;C:\WINDOWS\system32;C:\WINDOWS;C:\WINDOWS\System32\Wbem;C:\WINDOWS\System32\WindowsPowerShell\v1.0\;C:\WINDOWS\System32\OpenSSH\;C:\Program Files (x86)\Microsoft SQL Server\Client SDK\ODBC\130\Tools\Binn\;C:\Program Files (x86)\Microsoft SQL Server\140\Tools\Binn\;C:\Program Files (x86)\Microsoft SQL Server\140\DTS\Binn\;C:\Program Files (x86)\Microsoft SQL Server\140\Tools\Binn\ManagementStudio\;C:\Program Files\Microsoft SQL Server\140\Tools\Binn\;C:\Program Files\Microsoft SQL Server\140\DTS\Binn\;C:\Program Files\Microsoft SQL Server\Client SDK\ODBC\130\Tools\Binn\;C:\WINDOWS\system32\config\systemprofile\.dnx\bin;C:\Program Files\Microsoft DNX\Dnvm\;C:\Program Files\Microsoft SQL Server\130\Tools\Binn\;C:\Program Files\Microsoft\Web Platform Installer\;C:\Program Files (x86)\Microsoft ASP.NET\ASP.NET Web Pages\v1.0\;C:\Program Files (x86)\Windows Kits\8.0\Windows Performance Toolkit\;C:\Program Files\Microsoft SQL Server\110\Tools\Binn\;C:\Program Files\Java\jdk1.8.0_191\bin;C:\Program Files\Git\cmd;C:\Program Files\Java\jdk1.8.0_191\bin;C:\Users\Win10\Desktop\Java;
USERNAME=Win10
OS=Windows_NT
PROCESSOR_IDENTIFIER=Intel64 Family 6 Model 58 Stepping 9, GenuineIntel



---------------  S Y S T E M  ---------------

OS: Windows 10.0 , 64 bit Build 17134 (10.0.17134.753)

CPU:total 4 (initial active 4) (2 cores per cpu, 2 threads per core) family 6 model 58 stepping 9, cmov, cx8, fxsr, mmx, sse, sse2, sse3, ssse3, sse4.1, sse4.2, popcnt, avx, clmul, erms, ht, tsc, tscinvbit, tscinv

Memory: 4k page, physical 4080920k(505700k free), swap 5616920k(3632k free)

vm_info: Java HotSpot(TM) 64-Bit Server VM (25.191-b12) for windows-amd64 JRE (1.8.0_191-b12), built on Oct  6 2018 09:29:03 by "java_re" with MS VC++ 10.0 (VS2010)

time: Sun Aug 25 20:00:08 2019
elapsed time: 1 seconds (0d 0h 0m 1s)

